This file contains any messages produced by compilers while
running configure, to aid debugging if configure makes a mistake.

It was created by nox configure 0.9.0(zaku)~full~beta, which was
generated by GNU Autoconf 2.65.  Invocation command line was

  $ ../configure 

## --------- ##
## Platform. ##
## --------- ##

hostname = mmcl-desktop
uname -m = x86_64
uname -r = 2.6.32-32-generic
uname -s = Linux
uname -v = #62-Ubuntu SMP Wed Apr 20 21:52:38 UTC 2011

/usr/bin/uname -p = unknown
/bin/uname -X     = unknown

/bin/arch              = unknown
/usr/bin/arch -k       = unknown
/usr/convex/getsysinfo = unknown
/usr/bin/hostinfo      = unknown
/bin/machine           = unknown
/usr/bin/oslevel       = unknown
/bin/universe          = unknown

PATH: /usr/local/sbin
PATH: /usr/local/bin
PATH: /usr/sbin
PATH: /usr/bin
PATH: /sbin
PATH: /bin
PATH: /usr/games
PATH: /usr/local/arm/4.3.1-eabi-armv6/usr/bin


## ----------- ##
## Core tests. ##
## ----------- ##

configure:2562: checking build number
configure:2580: result: none
configure:2617: checking for a BSD-compatible install
configure:2685: result: /usr/bin/install -c
configure:2696: checking whether build environment is sane
configure:2746: result: yes
configure:2887: checking for a thread-safe mkdir -p
configure:2926: result: /bin/mkdir -p
configure:2939: checking for gawk
configure:2955: found /usr/bin/gawk
configure:2966: result: gawk
configure:2977: checking whether make sets $(MAKE)
configure:2999: result: yes
configure:3074: checking how to create a ustar tar archive
configure:3087: tar --version
tar (GNU tar) 1.22
Copyright (C) 2009 Free Software Foundation, Inc.
License GPLv3+: GNU GPL version 3 or later <http://gnu.org/licenses/gpl.html>.
This is free software: you are free to change and redistribute it.
There is NO WARRANTY, to the extent permitted by law.

Written by John Gilmore and Jay Fenlason.
configure:3090: $? = 0
configure:3130: tardir=conftest.dir && eval tar --format=ustar -chf - "$tardir" >conftest.tar
configure:3133: $? = 0
configure:3137: tar -xf - <conftest.tar
configure:3140: $? = 0
configure:3153: result: gnutar
configure:3219: checking for g++
configure:3235: found /usr/bin/g++
configure:3246: result: g++
configure:3273: checking for C++ compiler version
configure:3282: g++ --version >&5
g++ (Ubuntu 4.4.3-4ubuntu5) 4.4.3
Copyright (C) 2009 Free Software Foundation, Inc.
This is free software; see the source for copying conditions.  There is NO
warranty; not even for MERCHANTABILITY or FITNESS FOR A PARTICULAR PURPOSE.

configure:3293: $? = 0
configure:3282: g++ -v >&5
Using built-in specs.
Target: x86_64-linux-gnu
Configured with: ../src/configure -v --with-pkgversion='Ubuntu 4.4.3-4ubuntu5' --with-bugurl=file:///usr/share/doc/gcc-4.4/README.Bugs --enable-languages=c,c++,fortran,objc,obj-c++ --prefix=/usr --enable-shared --enable-multiarch --enable-linker-build-id --with-system-zlib --libexecdir=/usr/lib --without-included-gettext --enable-threads=posix --with-gxx-include-dir=/usr/include/c++/4.4 --program-suffix=-4.4 --enable-nls --enable-clocale=gnu --enable-libstdcxx-debug --enable-plugin --enable-objc-gc --disable-werror --with-arch-32=i486 --with-tune=generic --enable-checking=release --build=x86_64-linux-gnu --host=x86_64-linux-gnu --target=x86_64-linux-gnu
Thread model: posix
gcc version 4.4.3 (Ubuntu 4.4.3-4ubuntu5) 
configure:3293: $? = 0
configure:3282: g++ -V >&5
g++: '-V' option must have argument
configure:3293: $? = 1
configure:3282: g++ -qversion >&5
g++: unrecognized option '-qversion'
g++: no input files
configure:3293: $? = 1
configure:3313: checking whether the C++ compiler works
configure:3335: g++    conftest.cpp  >&5
configure:3339: $? = 0
configure:3388: result: yes
configure:3391: checking for C++ compiler default output file name
configure:3393: result: a.out
configure:3399: checking for suffix of executables
configure:3406: g++ -o conftest    conftest.cpp  >&5
configure:3410: $? = 0
configure:3432: result: 
configure:3454: checking whether we are cross compiling
configure:3462: g++ -o conftest    conftest.cpp  >&5
configure:3466: $? = 0
configure:3473: ./conftest
configure:3477: $? = 0
configure:3492: result: no
configure:3497: checking for suffix of object files
configure:3519: g++ -c   conftest.cpp >&5
configure:3523: $? = 0
configure:3544: result: o
configure:3548: checking whether we are using the GNU C++ compiler
configure:3567: g++ -c   conftest.cpp >&5
configure:3567: $? = 0
configure:3576: result: yes
configure:3585: checking whether g++ accepts -g
configure:3605: g++ -c -g  conftest.cpp >&5
configure:3605: $? = 0
configure:3646: result: yes
configure:3680: checking for style of include used by make
configure:3708: result: GNU
configure:3733: checking dependency style of g++
configure:3843: result: gcc3
configure:3906: checking for gcc
configure:3922: found /usr/bin/gcc
configure:3933: result: gcc
configure:4162: checking for C compiler version
configure:4171: gcc --version >&5
gcc (Ubuntu 4.4.3-4ubuntu5) 4.4.3
Copyright (C) 2009 Free Software Foundation, Inc.
This is free software; see the source for copying conditions.  There is NO
warranty; not even for MERCHANTABILITY or FITNESS FOR A PARTICULAR PURPOSE.

configure:4182: $? = 0
configure:4171: gcc -v >&5
Using built-in specs.
Target: x86_64-linux-gnu
Configured with: ../src/configure -v --with-pkgversion='Ubuntu 4.4.3-4ubuntu5' --with-bugurl=file:///usr/share/doc/gcc-4.4/README.Bugs --enable-languages=c,c++,fortran,objc,obj-c++ --prefix=/usr --enable-shared --enable-multiarch --enable-linker-build-id --with-system-zlib --libexecdir=/usr/lib --without-included-gettext --enable-threads=posix --with-gxx-include-dir=/usr/include/c++/4.4 --program-suffix=-4.4 --enable-nls --enable-clocale=gnu --enable-libstdcxx-debug --enable-plugin --enable-objc-gc --disable-werror --with-arch-32=i486 --with-tune=generic --enable-checking=release --build=x86_64-linux-gnu --host=x86_64-linux-gnu --target=x86_64-linux-gnu
Thread model: posix
gcc version 4.4.3 (Ubuntu 4.4.3-4ubuntu5) 
configure:4182: $? = 0
configure:4171: gcc -V >&5
gcc: '-V' option must have argument
configure:4182: $? = 1
configure:4171: gcc -qversion >&5
gcc: unrecognized option '-qversion'
gcc: no input files
configure:4182: $? = 1
configure:4186: checking whether we are using the GNU C compiler
configure:4205: gcc -c   conftest.c >&5
configure:4205: $? = 0
configure:4214: result: yes
configure:4223: checking whether gcc accepts -g
configure:4243: gcc -c -g  conftest.c >&5
configure:4243: $? = 0
configure:4284: result: yes
configure:4301: checking for gcc option to accept ISO C89
configure:4365: gcc  -c -g -O2  conftest.c >&5
configure:4365: $? = 0
configure:4378: result: none needed
configure:4400: checking dependency style of gcc
configure:4510: result: gcc3
configure:4530: checking how to run the C preprocessor
configure:4561: gcc -E  conftest.c
configure:4561: $? = 0
configure:4575: gcc -E  conftest.c
conftest.c:13:28: error: ac_nonexistent.h: No such file or directory
configure:4575: $? = 1
configure: failed program was:
| /* confdefs.h */
| #define PACKAGE_NAME "nox"
| #define PACKAGE_TARNAME "nox"
| #define PACKAGE_VERSION "0.9.0(zaku)~full~beta"
| #define PACKAGE_STRING "nox 0.9.0(zaku)~full~beta"
| #define PACKAGE_BUGREPORT "contact@noxrepo.org"
| #define PACKAGE_URL ""
| #define BUILDNR 0
| #define BUILDNR_SUFFIX ""
| #define PACKAGE "nox"
| #define VERSION "0.9.0(zaku)~full~beta"
| /* end confdefs.h.  */
| #include <ac_nonexistent.h>
configure:4600: result: gcc -E
configure:4620: gcc -E  conftest.c
configure:4620: $? = 0
configure:4634: gcc -E  conftest.c
conftest.c:13:28: error: ac_nonexistent.h: No such file or directory
configure:4634: $? = 1
configure: failed program was:
| /* confdefs.h */
| #define PACKAGE_NAME "nox"
| #define PACKAGE_TARNAME "nox"
| #define PACKAGE_VERSION "0.9.0(zaku)~full~beta"
| #define PACKAGE_STRING "nox 0.9.0(zaku)~full~beta"
| #define PACKAGE_BUGREPORT "contact@noxrepo.org"
| #define PACKAGE_URL ""
| #define BUILDNR 0
| #define BUILDNR_SUFFIX ""
| #define PACKAGE "nox"
| #define VERSION "0.9.0(zaku)~full~beta"
| /* end confdefs.h.  */
| #include <ac_nonexistent.h>
configure:4665: checking for grep that handles long lines and -e
configure:4723: result: /bin/grep
configure:4728: checking for egrep
configure:4790: result: /bin/grep -E
configure:4795: checking for ANSI C header files
configure:4815: gcc -c -g -O2  conftest.c >&5
configure:4815: $? = 0
configure:4888: gcc -o conftest -g -O2   conftest.c  >&5
configure:4888: $? = 0
configure:4888: ./conftest
configure:4888: $? = 0
configure:4899: result: yes
configure:4912: checking for sys/types.h
configure:4912: gcc -c -g -O2  conftest.c >&5
configure:4912: $? = 0
configure:4912: result: yes
configure:4912: checking for sys/stat.h
configure:4912: gcc -c -g -O2  conftest.c >&5
configure:4912: $? = 0
configure:4912: result: yes
configure:4912: checking for stdlib.h
configure:4912: gcc -c -g -O2  conftest.c >&5
configure:4912: $? = 0
configure:4912: result: yes
configure:4912: checking for string.h
configure:4912: gcc -c -g -O2  conftest.c >&5
configure:4912: $? = 0
configure:4912: result: yes
configure:4912: checking for memory.h
configure:4912: gcc -c -g -O2  conftest.c >&5
configure:4912: $? = 0
configure:4912: result: yes
configure:4912: checking for strings.h
configure:4912: gcc -c -g -O2  conftest.c >&5
configure:4912: $? = 0
configure:4912: result: yes
configure:4912: checking for inttypes.h
configure:4912: gcc -c -g -O2  conftest.c >&5
configure:4912: $? = 0
configure:4912: result: yes
configure:4912: checking for stdint.h
configure:4912: gcc -c -g -O2  conftest.c >&5
configure:4912: $? = 0
configure:4912: result: yes
configure:4912: checking for unistd.h
configure:4912: gcc -c -g -O2  conftest.c >&5
configure:4912: $? = 0
configure:4912: result: yes
configure:4926: checking minix/config.h usability
configure:4926: gcc -c -g -O2  conftest.c >&5
conftest.c:56:26: error: minix/config.h: No such file or directory
configure:4926: $? = 1
configure: failed program was:
| /* confdefs.h */
| #define PACKAGE_NAME "nox"
| #define PACKAGE_TARNAME "nox"
| #define PACKAGE_VERSION "0.9.0(zaku)~full~beta"
| #define PACKAGE_STRING "nox 0.9.0(zaku)~full~beta"
| #define PACKAGE_BUGREPORT "contact@noxrepo.org"
| #define PACKAGE_URL ""
| #define BUILDNR 0
| #define BUILDNR_SUFFIX ""
| #define PACKAGE "nox"
| #define VERSION "0.9.0(zaku)~full~beta"
| #define STDC_HEADERS 1
| #define HAVE_SYS_TYPES_H 1
| #define HAVE_SYS_STAT_H 1
| #define HAVE_STDLIB_H 1
| #define HAVE_STRING_H 1
| #define HAVE_MEMORY_H 1
| #define HAVE_STRINGS_H 1
| #define HAVE_INTTYPES_H 1
| #define HAVE_STDINT_H 1
| #define HAVE_UNISTD_H 1
| /* end confdefs.h.  */
| #include <stdio.h>
| #ifdef HAVE_SYS_TYPES_H
| # include <sys/types.h>
| #endif
| #ifdef HAVE_SYS_STAT_H
| # include <sys/stat.h>
| #endif
| #ifdef STDC_HEADERS
| # include <stdlib.h>
| # include <stddef.h>
| #else
| # ifdef HAVE_STDLIB_H
| #  include <stdlib.h>
| # endif
| #endif
| #ifdef HAVE_STRING_H
| # if !defined STDC_HEADERS && defined HAVE_MEMORY_H
| #  include <memory.h>
| # endif
| # include <string.h>
| #endif
| #ifdef HAVE_STRINGS_H
| # include <strings.h>
| #endif
| #ifdef HAVE_INTTYPES_H
| # include <inttypes.h>
| #endif
| #ifdef HAVE_STDINT_H
| # include <stdint.h>
| #endif
| #ifdef HAVE_UNISTD_H
| # include <unistd.h>
| #endif
| #include <minix/config.h>
configure:4926: result: no
configure:4926: checking minix/config.h presence
configure:4926: gcc -E  conftest.c
conftest.c:23:26: error: minix/config.h: No such file or directory
configure:4926: $? = 1
configure: failed program was:
| /* confdefs.h */
| #define PACKAGE_NAME "nox"
| #define PACKAGE_TARNAME "nox"
| #define PACKAGE_VERSION "0.9.0(zaku)~full~beta"
| #define PACKAGE_STRING "nox 0.9.0(zaku)~full~beta"
| #define PACKAGE_BUGREPORT "contact@noxrepo.org"
| #define PACKAGE_URL ""
| #define BUILDNR 0
| #define BUILDNR_SUFFIX ""
| #define PACKAGE "nox"
| #define VERSION "0.9.0(zaku)~full~beta"
| #define STDC_HEADERS 1
| #define HAVE_SYS_TYPES_H 1
| #define HAVE_SYS_STAT_H 1
| #define HAVE_STDLIB_H 1
| #define HAVE_STRING_H 1
| #define HAVE_MEMORY_H 1
| #define HAVE_STRINGS_H 1
| #define HAVE_INTTYPES_H 1
| #define HAVE_STDINT_H 1
| #define HAVE_UNISTD_H 1
| /* end confdefs.h.  */
| #include <minix/config.h>
configure:4926: result: no
configure:4926: checking for minix/config.h
configure:4926: result: no
configure:4947: checking whether it is safe to define __EXTENSIONS__
configure:4965: gcc -c -g -O2  conftest.c >&5
configure:4965: $? = 0
configure:4972: result: yes
configure:4993: checking for special C compiler options needed for large files
configure:5038: result: no
configure:5044: checking for _FILE_OFFSET_BITS value needed for large files
configure:5069: gcc -c -g -O2  conftest.c >&5
configure:5069: $? = 0
configure:5101: result: no
configure:5249: checking build system type
configure:5263: result: x86_64-unknown-linux-gnu
configure:5283: checking host system type
configure:5296: result: x86_64-unknown-linux-gnu
configure:5316: checking for a sed that does not truncate output
configure:5380: result: /bin/sed
configure:5398: checking for fgrep
configure:5460: result: /bin/grep -F
configure:5495: checking for ld used by gcc
configure:5562: result: /usr/bin/ld
configure:5569: checking if the linker (/usr/bin/ld) is GNU ld
configure:5584: result: yes
configure:5596: checking for BSD- or MS-compatible name lister (nm)
configure:5645: result: /usr/bin/nm -B
configure:5763: checking the name lister (/usr/bin/nm -B) interface
configure:5770: gcc -c -g -O2  conftest.c >&5
configure:5773: /usr/bin/nm -B "conftest.o"
configure:5776: output
0000000000000000 B some_variable
configure:5783: result: BSD nm
configure:5786: checking whether ln -s works
configure:5790: result: yes
configure:5798: checking the maximum length of command line arguments
configure:5918: result: 1572864
configure:5935: checking whether the shell understands some XSI constructs
configure:5945: result: yes
configure:5949: checking whether the shell understands "+="
configure:5955: result: yes
configure:5990: checking for /usr/bin/ld option to reload object files
configure:5997: result: -r
configure:6066: checking for objdump
configure:6082: found /usr/bin/objdump
configure:6093: result: objdump
configure:6125: checking how to recognize dependent libraries
configure:6321: result: pass_all
configure:6381: checking for ar
configure:6397: found /usr/bin/ar
configure:6408: result: ar
configure:6486: checking for strip
configure:6502: found /usr/bin/strip
configure:6513: result: strip
configure:6585: checking for ranlib
configure:6601: found /usr/bin/ranlib
configure:6612: result: ranlib
configure:6702: checking command to parse /usr/bin/nm -B output from gcc object
configure:6820: gcc -c -g -O2  conftest.c >&5
configure:6823: $? = 0
configure:6827: /usr/bin/nm -B conftest.o \| sed -n -e 's/^.*[	 ]\([ABCDGIRSTW][ABCDGIRSTW]*\)[	 ][	 ]*\([_A-Za-z][_A-Za-z0-9]*\)$/\1 \2 \2/p' \> conftest.nm
configure:6830: $? = 0
configure:6884: gcc -o conftest -g -O2   conftest.c conftstm.o >&5
configure:6887: $? = 0
configure:6925: result: ok
configure:7020: gcc -c -g -O2  conftest.c >&5
configure:7023: $? = 0
configure:7730: checking for dlfcn.h
configure:7730: gcc -c -g -O2  conftest.c >&5
configure:7730: $? = 0
configure:7730: result: yes
configure:7855: checking for C++ compiler version
configure:7864: g++ --version >&5
g++ (Ubuntu 4.4.3-4ubuntu5) 4.4.3
Copyright (C) 2009 Free Software Foundation, Inc.
This is free software; see the source for copying conditions.  There is NO
warranty; not even for MERCHANTABILITY or FITNESS FOR A PARTICULAR PURPOSE.

configure:7875: $? = 0
configure:7864: g++ -v >&5
Using built-in specs.
Target: x86_64-linux-gnu
Configured with: ../src/configure -v --with-pkgversion='Ubuntu 4.4.3-4ubuntu5' --with-bugurl=file:///usr/share/doc/gcc-4.4/README.Bugs --enable-languages=c,c++,fortran,objc,obj-c++ --prefix=/usr --enable-shared --enable-multiarch --enable-linker-build-id --with-system-zlib --libexecdir=/usr/lib --without-included-gettext --enable-threads=posix --with-gxx-include-dir=/usr/include/c++/4.4 --program-suffix=-4.4 --enable-nls --enable-clocale=gnu --enable-libstdcxx-debug --enable-plugin --enable-objc-gc --disable-werror --with-arch-32=i486 --with-tune=generic --enable-checking=release --build=x86_64-linux-gnu --host=x86_64-linux-gnu --target=x86_64-linux-gnu
Thread model: posix
gcc version 4.4.3 (Ubuntu 4.4.3-4ubuntu5) 
configure:7875: $? = 0
configure:7864: g++ -V >&5
g++: '-V' option must have argument
configure:7875: $? = 1
configure:7864: g++ -qversion >&5
g++: unrecognized option '-qversion'
g++: no input files
configure:7875: $? = 1
configure:7879: checking whether we are using the GNU C++ compiler
configure:7907: result: yes
configure:7916: checking whether g++ accepts -g
configure:7977: result: yes
configure:8002: checking dependency style of g++
configure:8112: result: gcc3
configure:8135: checking how to run the C++ preprocessor
configure:8162: g++ -E  conftest.cpp
configure:8162: $? = 0
configure:8176: g++ -E  conftest.cpp
conftest.cpp:29:28: error: ac_nonexistent.h: No such file or directory
configure:8176: $? = 1
configure: failed program was:
| /* confdefs.h */
| #define PACKAGE_NAME "nox"
| #define PACKAGE_TARNAME "nox"
| #define PACKAGE_VERSION "0.9.0(zaku)~full~beta"
| #define PACKAGE_STRING "nox 0.9.0(zaku)~full~beta"
| #define PACKAGE_BUGREPORT "contact@noxrepo.org"
| #define PACKAGE_URL ""
| #define BUILDNR 0
| #define BUILDNR_SUFFIX ""
| #define PACKAGE "nox"
| #define VERSION "0.9.0(zaku)~full~beta"
| #define STDC_HEADERS 1
| #define HAVE_SYS_TYPES_H 1
| #define HAVE_SYS_STAT_H 1
| #define HAVE_STDLIB_H 1
| #define HAVE_STRING_H 1
| #define HAVE_MEMORY_H 1
| #define HAVE_STRINGS_H 1
| #define HAVE_INTTYPES_H 1
| #define HAVE_STDINT_H 1
| #define HAVE_UNISTD_H 1
| #define __EXTENSIONS__ 1
| #define _ALL_SOURCE 1
| #define _GNU_SOURCE 1
| #define _POSIX_PTHREAD_SEMANTICS 1
| #define _TANDEM_SOURCE 1
| #define HAVE_DLFCN_H 1
| /* end confdefs.h.  */
| #include <ac_nonexistent.h>
configure:8201: result: g++ -E
configure:8221: g++ -E  conftest.cpp
configure:8221: $? = 0
configure:8235: g++ -E  conftest.cpp
conftest.cpp:29:28: error: ac_nonexistent.h: No such file or directory
configure:8235: $? = 1
configure: failed program was:
| /* confdefs.h */
| #define PACKAGE_NAME "nox"
| #define PACKAGE_TARNAME "nox"
| #define PACKAGE_VERSION "0.9.0(zaku)~full~beta"
| #define PACKAGE_STRING "nox 0.9.0(zaku)~full~beta"
| #define PACKAGE_BUGREPORT "contact@noxrepo.org"
| #define PACKAGE_URL ""
| #define BUILDNR 0
| #define BUILDNR_SUFFIX ""
| #define PACKAGE "nox"
| #define VERSION "0.9.0(zaku)~full~beta"
| #define STDC_HEADERS 1
| #define HAVE_SYS_TYPES_H 1
| #define HAVE_SYS_STAT_H 1
| #define HAVE_STDLIB_H 1
| #define HAVE_STRING_H 1
| #define HAVE_MEMORY_H 1
| #define HAVE_STRINGS_H 1
| #define HAVE_INTTYPES_H 1
| #define HAVE_STDINT_H 1
| #define HAVE_UNISTD_H 1
| #define __EXTENSIONS__ 1
| #define _ALL_SOURCE 1
| #define _GNU_SOURCE 1
| #define _POSIX_PTHREAD_SEMANTICS 1
| #define _TANDEM_SOURCE 1
| #define HAVE_DLFCN_H 1
| /* end confdefs.h.  */
| #include <ac_nonexistent.h>
configure:8409: checking for objdir
configure:8424: result: .libs
configure:8716: checking if gcc supports -fno-rtti -fno-exceptions
configure:8734: gcc -c -g -O2  -fno-rtti -fno-exceptions conftest.c >&5
cc1: warning: command line option "-fno-rtti" is valid for C++/ObjC++ but not for C
configure:8738: $? = 0
configure:8751: result: no
configure:8771: checking for gcc option to produce PIC
configure:9043: result: -fPIC -DPIC
configure:9055: checking if gcc PIC flag -fPIC -DPIC works
configure:9073: gcc -c -g -O2  -fPIC -DPIC -DPIC conftest.c >&5
configure:9077: $? = 0
configure:9090: result: yes
configure:9114: checking if gcc static flag -static works
configure:9142: result: yes
configure:9157: checking if gcc supports -c -o file.o
configure:9178: gcc -c -g -O2  -o out/conftest2.o conftest.c >&5
configure:9182: $? = 0
configure:9204: result: yes
configure:9212: checking if gcc supports -c -o file.o
configure:9259: result: yes
configure:9292: checking whether the gcc linker (/usr/bin/ld -m elf_x86_64) supports shared libraries
configure:10283: result: yes
configure:10320: checking whether -lc should be explicitly linked in
configure:10325: gcc -c -g -O2  conftest.c >&5
configure:10328: $? = 0
configure:10343: gcc -shared conftest.o  -v -Wl,-soname -Wl,conftest -o conftest 2\>\&1 \| /bin/grep  -lc  \>/dev/null 2\>\&1
configure:10346: $? = 0
configure:10358: result: no
configure:10522: checking dynamic linker characteristics
configure:10955: gcc -o conftest -g -O2   -Wl,-rpath -Wl,/foo conftest.c  >&5
configure:10955: $? = 0
configure:11185: result: GNU/Linux ld.so
configure:11287: checking how to hardcode library paths into programs
configure:11312: result: immediate
configure:11406: checking for shl_load
configure:11406: gcc -o conftest -g -O2   conftest.c  >&5
/tmp/cceMoBGz.o: In function `main':
/home/mmcl/nox/build/conftest.c:64: undefined reference to `shl_load'
collect2: ld returned 1 exit status
configure:11406: $? = 1
configure: failed program was:
| /* confdefs.h */
| #define PACKAGE_NAME "nox"
| #define PACKAGE_TARNAME "nox"
| #define PACKAGE_VERSION "0.9.0(zaku)~full~beta"
| #define PACKAGE_STRING "nox 0.9.0(zaku)~full~beta"
| #define PACKAGE_BUGREPORT "contact@noxrepo.org"
| #define PACKAGE_URL ""
| #define BUILDNR 0
| #define BUILDNR_SUFFIX ""
| #define PACKAGE "nox"
| #define VERSION "0.9.0(zaku)~full~beta"
| #define STDC_HEADERS 1
| #define HAVE_SYS_TYPES_H 1
| #define HAVE_SYS_STAT_H 1
| #define HAVE_STDLIB_H 1
| #define HAVE_STRING_H 1
| #define HAVE_MEMORY_H 1
| #define HAVE_STRINGS_H 1
| #define HAVE_INTTYPES_H 1
| #define HAVE_STDINT_H 1
| #define HAVE_UNISTD_H 1
| #define __EXTENSIONS__ 1
| #define _ALL_SOURCE 1
| #define _GNU_SOURCE 1
| #define _POSIX_PTHREAD_SEMANTICS 1
| #define _TANDEM_SOURCE 1
| #define HAVE_DLFCN_H 1
| #define LT_OBJDIR ".libs/"
| /* end confdefs.h.  */
| /* Define shl_load to an innocuous variant, in case <limits.h> declares shl_load.
|    For example, HP-UX 11i <limits.h> declares gettimeofday.  */
| #define shl_load innocuous_shl_load
| 
| /* System header to define __stub macros and hopefully few prototypes,
|     which can conflict with char shl_load (); below.
|     Prefer <limits.h> to <assert.h> if __STDC__ is defined, since
|     <limits.h> exists even on freestanding compilers.  */
| 
| #ifdef __STDC__
| # include <limits.h>
| #else
| # include <assert.h>
| #endif
| 
| #undef shl_load
| 
| /* Override any GCC internal prototype to avoid an error.
|    Use char because int might match the return type of a GCC
|    builtin and then its argument prototype would still apply.  */
| #ifdef __cplusplus
| extern "C"
| #endif
| char shl_load ();
| /* The GNU C library defines this for functions which it implements
|     to always fail with ENOSYS.  Some functions are actually named
|     something starting with __ and the normal name is an alias.  */
| #if defined __stub_shl_load || defined __stub___shl_load
| choke me
| #endif
| 
| int
| main ()
| {
| return shl_load ();
|   ;
|   return 0;
| }
configure:11406: result: no
configure:11410: checking for shl_load in -ldld
configure:11435: gcc -o conftest -g -O2   conftest.c -ldld   >&5
/usr/bin/ld: cannot find -ldld
collect2: ld returned 1 exit status
configure:11435: $? = 1
configure: failed program was:
| /* confdefs.h */
| #define PACKAGE_NAME "nox"
| #define PACKAGE_TARNAME "nox"
| #define PACKAGE_VERSION "0.9.0(zaku)~full~beta"
| #define PACKAGE_STRING "nox 0.9.0(zaku)~full~beta"
| #define PACKAGE_BUGREPORT "contact@noxrepo.org"
| #define PACKAGE_URL ""
| #define BUILDNR 0
| #define BUILDNR_SUFFIX ""
| #define PACKAGE "nox"
| #define VERSION "0.9.0(zaku)~full~beta"
| #define STDC_HEADERS 1
| #define HAVE_SYS_TYPES_H 1
| #define HAVE_SYS_STAT_H 1
| #define HAVE_STDLIB_H 1
| #define HAVE_STRING_H 1
| #define HAVE_MEMORY_H 1
| #define HAVE_STRINGS_H 1
| #define HAVE_INTTYPES_H 1
| #define HAVE_STDINT_H 1
| #define HAVE_UNISTD_H 1
| #define __EXTENSIONS__ 1
| #define _ALL_SOURCE 1
| #define _GNU_SOURCE 1
| #define _POSIX_PTHREAD_SEMANTICS 1
| #define _TANDEM_SOURCE 1
| #define HAVE_DLFCN_H 1
| #define LT_OBJDIR ".libs/"
| /* end confdefs.h.  */
| 
| /* Override any GCC internal prototype to avoid an error.
|    Use char because int might match the return type of a GCC
|    builtin and then its argument prototype would still apply.  */
| #ifdef __cplusplus
| extern "C"
| #endif
| char shl_load ();
| int
| main ()
| {
| return shl_load ();
|   ;
|   return 0;
| }
configure:11444: result: no
configure:11449: checking for dlopen
configure:11449: gcc -o conftest -g -O2   conftest.c  >&5
/tmp/ccBL0fKv.o: In function `main':
/home/mmcl/nox/build/conftest.c:64: undefined reference to `dlopen'
collect2: ld returned 1 exit status
configure:11449: $? = 1
configure: failed program was:
| /* confdefs.h */
| #define PACKAGE_NAME "nox"
| #define PACKAGE_TARNAME "nox"
| #define PACKAGE_VERSION "0.9.0(zaku)~full~beta"
| #define PACKAGE_STRING "nox 0.9.0(zaku)~full~beta"
| #define PACKAGE_BUGREPORT "contact@noxrepo.org"
| #define PACKAGE_URL ""
| #define BUILDNR 0
| #define BUILDNR_SUFFIX ""
| #define PACKAGE "nox"
| #define VERSION "0.9.0(zaku)~full~beta"
| #define STDC_HEADERS 1
| #define HAVE_SYS_TYPES_H 1
| #define HAVE_SYS_STAT_H 1
| #define HAVE_STDLIB_H 1
| #define HAVE_STRING_H 1
| #define HAVE_MEMORY_H 1
| #define HAVE_STRINGS_H 1
| #define HAVE_INTTYPES_H 1
| #define HAVE_STDINT_H 1
| #define HAVE_UNISTD_H 1
| #define __EXTENSIONS__ 1
| #define _ALL_SOURCE 1
| #define _GNU_SOURCE 1
| #define _POSIX_PTHREAD_SEMANTICS 1
| #define _TANDEM_SOURCE 1
| #define HAVE_DLFCN_H 1
| #define LT_OBJDIR ".libs/"
| /* end confdefs.h.  */
| /* Define dlopen to an innocuous variant, in case <limits.h> declares dlopen.
|    For example, HP-UX 11i <limits.h> declares gettimeofday.  */
| #define dlopen innocuous_dlopen
| 
| /* System header to define __stub macros and hopefully few prototypes,
|     which can conflict with char dlopen (); below.
|     Prefer <limits.h> to <assert.h> if __STDC__ is defined, since
|     <limits.h> exists even on freestanding compilers.  */
| 
| #ifdef __STDC__
| # include <limits.h>
| #else
| # include <assert.h>
| #endif
| 
| #undef dlopen
| 
| /* Override any GCC internal prototype to avoid an error.
|    Use char because int might match the return type of a GCC
|    builtin and then its argument prototype would still apply.  */
| #ifdef __cplusplus
| extern "C"
| #endif
| char dlopen ();
| /* The GNU C library defines this for functions which it implements
|     to always fail with ENOSYS.  Some functions are actually named
|     something starting with __ and the normal name is an alias.  */
| #if defined __stub_dlopen || defined __stub___dlopen
| choke me
| #endif
| 
| int
| main ()
| {
| return dlopen ();
|   ;
|   return 0;
| }
configure:11449: result: no
configure:11453: checking for dlopen in -ldl
configure:11478: gcc -o conftest -g -O2   conftest.c -ldl   >&5
configure:11478: $? = 0
configure:11487: result: yes
configure:11606: checking whether a program can dlopen itself
configure:11676: gcc -o conftest -g -O2  -DHAVE_DLFCN_H  -Wl,--export-dynamic conftest.c -ldl  >&5
configure:11679: $? = 0
configure:11697: result: yes
configure:11702: checking whether a statically linked program can dlopen itself
configure:11772: gcc -o conftest -g -O2  -DHAVE_DLFCN_H  -Wl,--export-dynamic -static conftest.c -ldl  >&5
/tmp/ccRIZEvM.o: In function `main':
/home/mmcl/nox/build/configure:11756: warning: Using 'dlopen' in statically linked applications requires at runtime the shared libraries from the glibc version used for linking
/usr/bin/ld: dynamic STT_GNU_IFUNC symbol `strcmp' with pointer equality in `/usr/lib/gcc/x86_64-linux-gnu/4.4.3/../../../../lib/libc.a(strcmp.o)' can not be used when making an executable; recompile with -fPIE and relink with -pie
collect2: ld returned 1 exit status
configure:11775: $? = 1
configure:11793: result: no
configure:11832: checking whether stripping libraries is possible
configure:11837: result: yes
configure:11872: checking if libtool supports shared libraries
configure:11874: result: yes
configure:11877: checking whether to build shared libraries
configure:11898: result: yes
configure:11901: checking whether to build static libraries
configure:11905: result: no
configure:12055: checking for ld used by g++
configure:12122: result: /usr/bin/ld -m elf_x86_64
configure:12129: checking if the linker (/usr/bin/ld -m elf_x86_64) is GNU ld
configure:12144: result: yes
configure:12199: checking whether the g++ linker (/usr/bin/ld -m elf_x86_64) supports shared libraries
configure:13112: result: yes
configure:13140: g++ -c -g -O2  conftest.cpp >&5
configure:13143: $? = 0
configure:13325: checking for g++ option to produce PIC
configure:13642: result: -fPIC -DPIC
configure:13651: checking if g++ PIC flag -fPIC -DPIC works
configure:13669: g++ -c -g -O2  -fPIC -DPIC -DPIC conftest.cpp >&5
configure:13673: $? = 0
configure:13686: result: yes
configure:13707: checking if g++ static flag -static works
configure:13735: result: yes
configure:13747: checking if g++ supports -c -o file.o
configure:13768: g++ -c -g -O2  -o out/conftest2.o conftest.cpp >&5
configure:13772: $? = 0
configure:13794: result: yes
configure:13799: checking if g++ supports -c -o file.o
configure:13846: result: yes
configure:13876: checking whether the g++ linker (/usr/bin/ld -m elf_x86_64) supports shared libraries
configure:13905: result: yes
configure:14042: checking dynamic linker characteristics
configure:14423: g++ -o conftest -g -O2   -Wl,-rpath -Wl,/foo conftest.cpp  >&5
configure:14423: $? = 0
configure:14653: result: GNU/Linux ld.so
configure:14704: checking how to hardcode library paths into programs
configure:14729: result: immediate
configure:14816: checking for fdatasync
configure:14816: gcc -o conftest -g -O2   conftest.c  >&5
configure:14816: $? = 0
configure:14816: result: yes
configure:14816: checking for ppoll
configure:14816: gcc -o conftest -g -O2   conftest.c  >&5
configure:14816: $? = 0
configure:14816: result: yes
configure:14860: checking for boostlib >= 1.34.1
configure:14910: g++ -c -g -O2  -I/usr/include conftest.cpp >&5
configure:14910: $? = 0
configure:14912: result: yes
configure:15076: checking whether the Boost::Filesystem library is available
configure:15100: g++ -c -g -O2  -I/usr/include conftest.cpp >&5
configure:15100: $? = 0
configure:15114: result: yes
configure:15125: checking for exit in -lboost_filesystem-mt
configure:15150: gcc -o conftest -g -O2  -I/usr/include  -L/usr/lib conftest.c -lboost_filesystem-mt   >&5
conftest.c:41: warning: conflicting types for built-in function 'exit'
configure:15150: $? = 0
configure:15160: result: yes
configure:15285: checking pcap.h usability
configure:15285: gcc -c -g -O2  conftest.c >&5
conftest.c:67:18: error: pcap.h: No such file or directory
configure:15285: $? = 1
configure: failed program was:
| /* confdefs.h */
| #define PACKAGE_NAME "nox"
| #define PACKAGE_TARNAME "nox"
| #define PACKAGE_VERSION "0.9.0(zaku)~full~beta"
| #define PACKAGE_STRING "nox 0.9.0(zaku)~full~beta"
| #define PACKAGE_BUGREPORT "contact@noxrepo.org"
| #define PACKAGE_URL ""
| #define BUILDNR 0
| #define BUILDNR_SUFFIX ""
| #define PACKAGE "nox"
| #define VERSION "0.9.0(zaku)~full~beta"
| #define STDC_HEADERS 1
| #define HAVE_SYS_TYPES_H 1
| #define HAVE_SYS_STAT_H 1
| #define HAVE_STDLIB_H 1
| #define HAVE_STRING_H 1
| #define HAVE_MEMORY_H 1
| #define HAVE_STRINGS_H 1
| #define HAVE_INTTYPES_H 1
| #define HAVE_STDINT_H 1
| #define HAVE_UNISTD_H 1
| #define __EXTENSIONS__ 1
| #define _ALL_SOURCE 1
| #define _GNU_SOURCE 1
| #define _POSIX_PTHREAD_SEMANTICS 1
| #define _TANDEM_SOURCE 1
| #define HAVE_DLFCN_H 1
| #define LT_OBJDIR ".libs/"
| #define HAVE_FDATASYNC 1
| #define HAVE_PPOLL 1
| #define HAVE_BOOST /**/
| #define HAVE_BOOST_FILESYSTEM /**/
| /* end confdefs.h.  */
| #include <stdio.h>
| #ifdef HAVE_SYS_TYPES_H
| # include <sys/types.h>
| #endif
| #ifdef HAVE_SYS_STAT_H
| # include <sys/stat.h>
| #endif
| #ifdef STDC_HEADERS
| # include <stdlib.h>
| # include <stddef.h>
| #else
| # ifdef HAVE_STDLIB_H
| #  include <stdlib.h>
| # endif
| #endif
| #ifdef HAVE_STRING_H
| # if !defined STDC_HEADERS && defined HAVE_MEMORY_H
| #  include <memory.h>
| # endif
| # include <string.h>
| #endif
| #ifdef HAVE_STRINGS_H
| # include <strings.h>
| #endif
| #ifdef HAVE_INTTYPES_H
| # include <inttypes.h>
| #endif
| #ifdef HAVE_STDINT_H
| # include <stdint.h>
| #endif
| #ifdef HAVE_UNISTD_H
| # include <unistd.h>
| #endif
| #include <pcap.h>
configure:15285: result: no
configure:15285: checking pcap.h presence
configure:15285: gcc -E  conftest.c
conftest.c:34:18: error: pcap.h: No such file or directory
configure:15285: $? = 1
configure: failed program was:
| /* confdefs.h */
| #define PACKAGE_NAME "nox"
| #define PACKAGE_TARNAME "nox"
| #define PACKAGE_VERSION "0.9.0(zaku)~full~beta"
| #define PACKAGE_STRING "nox 0.9.0(zaku)~full~beta"
| #define PACKAGE_BUGREPORT "contact@noxrepo.org"
| #define PACKAGE_URL ""
| #define BUILDNR 0
| #define BUILDNR_SUFFIX ""
| #define PACKAGE "nox"
| #define VERSION "0.9.0(zaku)~full~beta"
| #define STDC_HEADERS 1
| #define HAVE_SYS_TYPES_H 1
| #define HAVE_SYS_STAT_H 1
| #define HAVE_STDLIB_H 1
| #define HAVE_STRING_H 1
| #define HAVE_MEMORY_H 1
| #define HAVE_STRINGS_H 1
| #define HAVE_INTTYPES_H 1
| #define HAVE_STDINT_H 1
| #define HAVE_UNISTD_H 1
| #define __EXTENSIONS__ 1
| #define _ALL_SOURCE 1
| #define _GNU_SOURCE 1
| #define _POSIX_PTHREAD_SEMANTICS 1
| #define _TANDEM_SOURCE 1
| #define HAVE_DLFCN_H 1
| #define LT_OBJDIR ".libs/"
| #define HAVE_FDATASYNC 1
| #define HAVE_PPOLL 1
| #define HAVE_BOOST /**/
| #define HAVE_BOOST_FILESYSTEM /**/
| /* end confdefs.h.  */
| #include <pcap.h>
configure:15285: result: no
configure:15285: checking for pcap.h
configure:15285: result: no
configure:15310: checking openssl/md5.h usability
configure:15310: gcc -c -g -O2  conftest.c >&5
configure:15310: $? = 0
configure:15310: result: yes
configure:15310: checking openssl/md5.h presence
configure:15310: gcc -E  conftest.c
configure:15310: $? = 0
configure:15310: result: yes
configure:15310: checking for openssl/md5.h
configure:15310: result: yes
configure:15319: checking for MD5_Init in -lssl
configure:15344: gcc -o conftest -g -O2   conftest.c -lssl   >&5
configure:15344: $? = 0
configure:15353: result: yes
configure:15363: checking for openssl
configure:15379: found /usr/bin/openssl
configure:15391: result: yes
configure:15401: checking if SSL_CTX_new() can take a const argument
configure:15422: g++ -c -g -O2  conftest.cpp >&5
conftest.cpp: In function 'int main()':
conftest.cpp:40: error: invalid conversion from 'const SSL_METHOD*' to 'SSL_METHOD*'
conftest.cpp:40: error:   initializing argument 1 of 'SSL_CTX* SSL_CTX_new(SSL_METHOD*)'
configure:15422: $? = 1
configure: failed program was:
| /* confdefs.h */
| #define PACKAGE_NAME "nox"
| #define PACKAGE_TARNAME "nox"
| #define PACKAGE_VERSION "0.9.0(zaku)~full~beta"
| #define PACKAGE_STRING "nox 0.9.0(zaku)~full~beta"
| #define PACKAGE_BUGREPORT "contact@noxrepo.org"
| #define PACKAGE_URL ""
| #define BUILDNR 0
| #define BUILDNR_SUFFIX ""
| #define PACKAGE "nox"
| #define VERSION "0.9.0(zaku)~full~beta"
| #define STDC_HEADERS 1
| #define HAVE_SYS_TYPES_H 1
| #define HAVE_SYS_STAT_H 1
| #define HAVE_STDLIB_H 1
| #define HAVE_STRING_H 1
| #define HAVE_MEMORY_H 1
| #define HAVE_STRINGS_H 1
| #define HAVE_INTTYPES_H 1
| #define HAVE_STDINT_H 1
| #define HAVE_UNISTD_H 1
| #define __EXTENSIONS__ 1
| #define _ALL_SOURCE 1
| #define _GNU_SOURCE 1
| #define _POSIX_PTHREAD_SEMANTICS 1
| #define _TANDEM_SOURCE 1
| #define HAVE_DLFCN_H 1
| #define LT_OBJDIR ".libs/"
| #define HAVE_FDATASYNC 1
| #define HAVE_PPOLL 1
| #define HAVE_BOOST /**/
| #define HAVE_BOOST_FILESYSTEM /**/
| /* end confdefs.h.  */
| 
|     #include <openssl/ssl.h>
| 
| int
| main ()
| {
| SSL_CTX_new((const SSL_METHOD*)0);
|   ;
|   return 0;
| }
configure:15432: result: no
configure:15517: checking for linux/netlink.h
configure:15517: gcc -c -g -O2  conftest.c >&5
configure:15517: $? = 0
configure:15517: result: yes
configure:15542: checking whether thread-local storage with __thread is supported
configure:15561: gcc -o conftest -g -O2   conftest.c  >&5
configure:15561: $? = 0
configure:15562: result: yes
configure:15616: checking whether libc supports hooks for malloc and related functions
configure:15635: gcc -c -g -O2  conftest.c >&5
configure:15635: $? = 0
configure:15642: result: yes
configure:15653: checking for sphinx-build
configure:15671: found /usr/bin/sphinx-build
configure:15683: result: /usr/bin/sphinx-build
configure:15707: checking for doxygen
configure:15725: found /usr/bin/doxygen
configure:15737: result: /usr/bin/doxygen
configure:15849: checking for python
configure:15867: found /usr/bin/python
configure:15879: result: /usr/bin/python
configure:15895: checking for a version of Python >= '2.1.0'
configure:15921: result: yes
configure:15929: checking for a version of Python >='2.5'
configure:15935: result: yes
configure:15952: checking for the distutils Python package
configure:15956: result: yes
configure:15970: checking for Python include path
configure:15980: result: -I/usr/include/python2.6
configure:15987: checking for Python library path
configure:16009: result: -L/usr/lib/python2.6/config -lpython2.6
configure:16016: checking for Python site-packages path
configure:16022: result: /usr/lib/python2.6/dist-packages
configure:16029: checking python extra libraries
configure:16037: result: -lssl -lcrypto  -lssl -lcrypto      -L/usr/lib -lz -lpthread -ldl  -lutil -lm
configure:16044: checking python extra linking flags
configure:16051: result: -Xlinker -export-dynamic -Wl,-O1 -Wl,-Bsymbolic-functions
configure:16058: checking consistency of all components of python development environment
configure:16084: gcc -o conftest -g -O2  -I/usr/include/python2.6  conftest.c  -L/usr/lib/python2.6/config -lpython2.6 -lssl -lcrypto  -lssl -lcrypto      -L/usr/lib -lz -lpthread -ldl  -lutil -lm >&5
configure:16084: $? = 0
configure:16092: result: yes
configure:16124: checking whether twisted python is installed
configure:16135: result: yes
configure:16159: checking for swig
configure:16177: found /usr/bin/swig
configure:16189: result: /usr/bin/swig
configure:16202: checking for SWIG version
configure:16205: result: 1.3.40
configure:16247: SWIG executable is '/usr/bin/swig'
configure:16250: SWIG library directory is '/usr/share/swig1.3'
configure:16270: checking for SWIG 64-bit support
configure:16289: result: yes
configure:16340: checking whether the Boost::Unit_Test_Framework library is available
configure:16363: g++ -c -g -O2  -I/usr/include conftest.cpp >&5
configure:16363: $? = 0
configure:16377: result: yes
configure:16390: checking for exit in -lboost_unit_test_framework-mt
configure:16415: gcc -o conftest -g -O2  -I/usr/include  -L/usr/lib conftest.c -lboost_unit_test_framework-mt   >&5
conftest.c:50: warning: conflicting types for built-in function 'exit'
configure:16415: $? = 0
configure:16425: result: yes
configure:16739: creating ./config.status

## ---------------------- ##
## Running config.status. ##
## ---------------------- ##

This file was extended by nox config.status 0.9.0(zaku)~full~beta, which was
generated by GNU Autoconf 2.65.  Invocation command line was

  CONFIG_FILES    = 
  CONFIG_HEADERS  = 
  CONFIG_LINKS    = 
  CONFIG_COMMANDS = 
  $ ./config.status 

on mmcl-desktop

config.status:1254: creating Makefile
config.status:1254: creating src/etc/Makefile
config.status:1254: creating src/utilities/Makefile
config.status:1254: creating src/include/Makefile
config.status:1254: creating src/Makefile
config.status:1254: creating src/builtin/Makefile
config.status:1254: creating src/lib/Makefile
config.status:1254: creating src/tests/Makefile
config.status:1254: creating src/nox/netapps/topology/Makefile
config.status:1254: creating src/nox/netapps/lavi/Makefile
config.status:1254: creating src/nox/netapps/storage/Makefile
config.status:1254: creating src/nox/netapps/storage/t/Makefile
config.status:1254: creating src/nox/netapps/routing/Makefile
config.status:1254: creating src/nox/netapps/nims/Makefile
config.status:1254: creating src/nox/netapps/tablog/Makefile
config.status:1254: creating src/nox/netapps/Makefile
config.status:1254: creating src/nox/netapps/switch_management/Makefile
config.status:1254: creating src/nox/netapps/switchstats/Makefile
config.status:1254: creating src/nox/netapps/discovery/Makefile
config.status:1254: creating src/nox/netapps/route/Makefile
config.status:1254: creating src/nox/netapps/hoststate/Makefile
config.status:1254: creating src/nox/netapps/user_event_log/Makefile
config.status:1254: creating src/nox/netapps/flow_fetcher/Makefile
config.status:1254: creating src/nox/netapps/bindings_storage/Makefile
config.status:1254: creating src/nox/netapps/bindings_storage/t/Makefile
config.status:1254: creating src/nox/netapps/data/Makefile
config.status:1254: creating src/nox/netapps/networkstate/Makefile
config.status:1254: creating src/nox/netapps/tests/pyunittests/Makefile
config.status:1254: creating src/nox/netapps/tests/Makefile
config.status:1254: creating src/nox/netapps/authenticator/Makefile
config.status:1254: creating src/nox/Makefile
config.status:1254: creating src/nox/webapps/webservice/Makefile
config.status:1254: creating src/nox/webapps/miscws/Makefile
config.status:1254: creating src/nox/webapps/webserver/Makefile
config.status:1254: creating src/nox/webapps/Makefile
config.status:1254: creating src/nox/webapps/webserviceclient/Makefile
config.status:1254: creating src/nox/webapps/webserviceclient/t/Makefile
config.status:1254: creating src/nox/lib/Makefile
config.status:1254: creating src/nox/lib/packet/Makefile
config.status:1254: creating src/nox/lib/packet/t/Makefile
config.status:1254: creating src/nox/lib/netinet/Makefile
config.status:1254: creating src/nox/coreapps/testharness/Makefile
config.status:1254: creating src/nox/coreapps/switch/Makefile
config.status:1254: creating src/nox/coreapps/simple_c_py_app/Makefile
config.status:1254: creating src/nox/coreapps/snmp/Makefile
config.status:1254: creating src/nox/coreapps/Makefile
config.status:1254: creating src/nox/coreapps/pyrt/Makefile
config.status:1254: creating src/nox/coreapps/messenger/Makefile
config.status:1254: creating src/nox/coreapps/hub/Makefile
config.status:1254: creating src/nox/coreapps/examples/Makefile
config.status:1254: creating src/nox/coreapps/examples/t/Makefile
config.status:1254: creating src/nox/coreapps/simple_c_app/Makefile
config.status:1254: creating src/nox/coreapps/coretests/Makefile
config.status:1254: creating man/man5/Makefile
config.status:1254: creating man/man1/Makefile
config.status:1254: creating man/Makefile
config.status:1254: creating doc/doxygen/Makefile
config.status:1254: creating doc/Makefile
config.status:1254: creating doc/manual/Makefile
config.status:1254: creating doc/doxygen/doxygen.conf
config.status:1254: creating config.h
config.status:1419: config.h is unchanged
config.status:1467: executing depfiles commands
config.status:1467: executing libtool commands

## ---------------- ##
## Cache variables. ##
## ---------------- ##

ac_cv_build=x86_64-unknown-linux-gnu
ac_cv_c_compiler_gnu=yes
ac_cv_cxx_compiler_gnu=yes
ac_cv_env_CCC_set=
ac_cv_env_CCC_value=
ac_cv_env_CC_set=
ac_cv_env_CC_value=
ac_cv_env_CFLAGS_set=
ac_cv_env_CFLAGS_value=
ac_cv_env_CPPFLAGS_set=
ac_cv_env_CPPFLAGS_value=
ac_cv_env_CPP_set=
ac_cv_env_CPP_value=
ac_cv_env_CXXCPP_set=
ac_cv_env_CXXCPP_value=
ac_cv_env_CXXFLAGS_set=
ac_cv_env_CXXFLAGS_value=
ac_cv_env_CXX_set=
ac_cv_env_CXX_value=
ac_cv_env_LDFLAGS_set=
ac_cv_env_LDFLAGS_value=
ac_cv_env_LIBS_set=
ac_cv_env_LIBS_value=
ac_cv_env_PYTHON_VERSION_set=
ac_cv_env_PYTHON_VERSION_value=
ac_cv_env_build_alias_set=
ac_cv_env_build_alias_value=
ac_cv_env_host_alias_set=
ac_cv_env_host_alias_value=
ac_cv_env_target_alias_set=
ac_cv_env_target_alias_value=
ac_cv_func_dlopen=no
ac_cv_func_fdatasync=yes
ac_cv_func_ppoll=yes
ac_cv_func_shl_load=no
ac_cv_header_dlfcn_h=yes
ac_cv_header_inttypes_h=yes
ac_cv_header_linux_netlink_h=yes
ac_cv_header_memory_h=yes
ac_cv_header_minix_config_h=no
ac_cv_header_openssl_md5_h=yes
ac_cv_header_pcap_h=no
ac_cv_header_stdc=yes
ac_cv_header_stdint_h=yes
ac_cv_header_stdlib_h=yes
ac_cv_header_string_h=yes
ac_cv_header_strings_h=yes
ac_cv_header_sys_stat_h=yes
ac_cv_header_sys_types_h=yes
ac_cv_header_unistd_h=yes
ac_cv_host=x86_64-unknown-linux-gnu
ac_cv_lib_boost_filesystem_mt___exit=yes
ac_cv_lib_boost_unit_test_framework_mt___exit=yes
ac_cv_lib_dl_dlopen=yes
ac_cv_lib_dld_shl_load=no
ac_cv_lib_ssl_MD5_Init=yes
ac_cv_objext=o
ac_cv_path_DOXYGEN=/usr/bin/doxygen
ac_cv_path_EGREP='/bin/grep -E'
ac_cv_path_FGREP='/bin/grep -F'
ac_cv_path_GREP=/bin/grep
ac_cv_path_PYTHON=/usr/bin/python
ac_cv_path_SED=/bin/sed
ac_cv_path_SPHINX_BUILD=/usr/bin/sphinx-build
ac_cv_path_SWIG=/usr/bin/swig
ac_cv_path_install='/usr/bin/install -c'
ac_cv_path_mkdir=/bin/mkdir
ac_cv_prog_AWK=gawk
ac_cv_prog_CPP='gcc -E'
ac_cv_prog_CXXCPP='g++ -E'
ac_cv_prog_OPENSSL_PROG=yes
ac_cv_prog_ac_ct_AR=ar
ac_cv_prog_ac_ct_CC=gcc
ac_cv_prog_ac_ct_CXX=g++
ac_cv_prog_ac_ct_OBJDUMP=objdump
ac_cv_prog_ac_ct_RANLIB=ranlib
ac_cv_prog_ac_ct_STRIP=strip
ac_cv_prog_cc_c89=
ac_cv_prog_cc_g=yes
ac_cv_prog_cxx_g=yes
ac_cv_prog_make_make_set=yes
ac_cv_safe_to_define___extensions__=yes
ac_cv_sys_file_offset_bits=no
ac_cv_sys_largefile_CC=no
am_cv_CC_dependencies_compiler_type=gcc3
am_cv_CXX_dependencies_compiler_type=gcc3
am_cv_prog_tar_ustar=gnutar
ax_cv_boost_filesystem=yes
ax_cv_boost_unit_test_framework=yes
lt_cv_deplibs_check_method=pass_all
lt_cv_dlopen=dlopen
lt_cv_dlopen_libs=-ldl
lt_cv_dlopen_self=yes
lt_cv_dlopen_self_static=no
lt_cv_file_magic_cmd='$MAGIC_CMD'
lt_cv_file_magic_test_file=
lt_cv_ld_reload_flag=-r
lt_cv_nm_interface='BSD nm'
lt_cv_objdir=.libs
lt_cv_path_LD=/usr/bin/ld
lt_cv_path_LDCXX='/usr/bin/ld -m elf_x86_64'
lt_cv_path_NM='/usr/bin/nm -B'
lt_cv_prog_compiler_c_o=yes
lt_cv_prog_compiler_c_o_CXX=yes
lt_cv_prog_compiler_pic_works=yes
lt_cv_prog_compiler_pic_works_CXX=yes
lt_cv_prog_compiler_rtti_exceptions=no
lt_cv_prog_compiler_static_works=yes
lt_cv_prog_compiler_static_works_CXX=yes
lt_cv_prog_gnu_ld=yes
lt_cv_prog_gnu_ldcxx=yes
lt_cv_sys_global_symbol_pipe='sed -n -e '\''s/^.*[	 ]\([ABCDGIRSTW][ABCDGIRSTW]*\)[	 ][	 ]*\([_A-Za-z][_A-Za-z0-9]*\)$/\1 \2 \2/p'\'''
lt_cv_sys_global_symbol_to_c_name_address='sed -n -e '\''s/^: \([^ ]*\) $/  {\"\1\", (void *) 0},/p'\'' -e '\''s/^[ABCDGIRSTW]* \([^ ]*\) \([^ ]*\)$/  {"\2", (void *) \&\2},/p'\'''
lt_cv_sys_global_symbol_to_c_name_address_lib_prefix='sed -n -e '\''s/^: \([^ ]*\) $/  {\"\1\", (void *) 0},/p'\'' -e '\''s/^[ABCDGIRSTW]* \([^ ]*\) \(lib[^ ]*\)$/  {"\2", (void *) \&\2},/p'\'' -e '\''s/^[ABCDGIRSTW]* \([^ ]*\) \([^ ]*\)$/  {"lib\2", (void *) \&\2},/p'\'''
lt_cv_sys_global_symbol_to_cdecl='sed -n -e '\''s/^T .* \(.*\)$/extern int \1();/p'\'' -e '\''s/^[ABCDGIRSTW]* .* \(.*\)$/extern char \1;/p'\'''
lt_cv_sys_max_cmd_len=1572864
ofp_cv_malloc_hooks=yes

## ----------------- ##
## Output variables. ##
## ----------------- ##

ACLOCAL='${SHELL} /home/mmcl/nox/config/missing --run aclocal-1.11'
ACTIVE_PACKAGES='  coreapps  netapps  webapps'
AMDEPBACKSLASH='\'
AMDEP_FALSE='#'
AMDEP_TRUE=''
AMTAR='${SHELL} /home/mmcl/nox/config/missing --run tar'
AR='ar'
AUTOCONF='${SHELL} /home/mmcl/nox/config/missing --run autoconf'
AUTOHEADER='${SHELL} /home/mmcl/nox/config/missing --run autoheader'
AUTOMAKE='${SHELL} /home/mmcl/nox/config/missing --run automake-1.11'
AWK='gawk'
BOOST_CPPFLAGS='-I/usr/include'
BOOST_FILESYSTEM_LIB='-lboost_filesystem-mt'
BOOST_LDFLAGS='-L/usr/lib'
BOOST_UNIT_TEST_FRAMEWORK_LIB='-lboost_unit_test_framework-mt'
BUILDNR='0'
BUILDNR_SUFFIX=''
CC='gcc'
CCDEPMODE='depmode=gcc3'
CFLAGS='-g -O2'
COVERAGE_FALSE=''
COVERAGE_TRUE='#'
CPP='gcc -E'
CPPFLAGS=''
CXX='g++'
CXXCPP='g++ -E'
CXXDEPMODE='depmode=gcc3'
CXXFLAGS='-g -O2'
CYGPATH_W='echo'
DEFS='-DHAVE_CONFIG_H'
DEPDIR='.deps'
DOXYGEN='/usr/bin/doxygen'
DSYMUTIL=''
DUMPBIN=''
ECHO_C=''
ECHO_N='-n'
ECHO_T=''
EGREP='/bin/grep -E'
EXEEXT=''
FGREP='/bin/grep -F'
GREP='/bin/grep'
HAVE_DOXYGEN_FALSE='#'
HAVE_DOXYGEN_TRUE=''
HAVE_NETAPPS_FALSE='#'
HAVE_NETAPPS_TRUE=''
HAVE_NETLINK_FALSE='#'
HAVE_NETLINK_TRUE=''
HAVE_PCAP_FALSE=''
HAVE_PCAP_TRUE='#'
HAVE_SPHINX_BUILD_FALSE='#'
HAVE_SPHINX_BUILD_TRUE=''
HAVE_WEBAPPS_FALSE='#'
HAVE_WEBAPPS_TRUE=''
INSTALL_DATA='${INSTALL} -m 644'
INSTALL_PROGRAM='${INSTALL}'
INSTALL_SCRIPT='${INSTALL}'
INSTALL_STRIP_PROGRAM='$(install_sh) -c -s'
LD='/usr/bin/ld -m elf_x86_64'
LDFLAGS=''
LIBOBJS=''
LIBS=''
LIBTOOL='$(SHELL) $(top_builddir)/libtool'
LIPO=''
LN_S='ln -s'
LTLIBOBJS=''
MAKEINFO='${SHELL} /home/mmcl/nox/config/missing --run makeinfo'
MKDIR_P='/bin/mkdir -p'
MODULES_coreapps='testharness coretests pyrt simple_c_app simple_c_py_app hub switch examples messenger snmp #add coreapps component here '
MODULES_netapps='storage authenticator routing user_event_log tests topology discovery bindings_storage switchstats flow_fetcher data switch_management networkstate hoststate tablog route lavi nims #add netapps component here '
MODULES_webapps='webserver webservice webserviceclient miscws #add webapps component here '
NDEBUG_FALSE=''
NDEBUG_TRUE='#'
NM='/usr/bin/nm -B'
NMEDIT=''
OBJDUMP='objdump'
OBJEXT='o'
OPENFLOW_CPPFLAGS='-I${top_srcdir}/src/include/openflow'
OPENSSL_PROG='yes'
OTOOL64=''
OTOOL=''
PACKAGE='nox'
PACKAGE_BUGREPORT='contact@noxrepo.org'
PACKAGE_NAME='nox'
PACKAGE_STRING='nox 0.9.0(zaku)~full~beta'
PACKAGE_TARNAME='nox'
PACKAGE_URL=''
PACKAGE_VERSION='0.9.0(zaku)~full~beta'
PATH_SEPARATOR=':'
PCAP_LDFLAGS=''
PROFILING_FALSE=''
PROFILING_TRUE='#'
PYTHON='/usr/bin/python'
PYTHON_CPPFLAGS='-I/usr/include/python2.6'
PYTHON_EXTRA_LDFLAGS='-Xlinker -export-dynamic -Wl,-O1 -Wl,-Bsymbolic-functions'
PYTHON_EXTRA_LIBS='-lssl -lcrypto  -lssl -lcrypto      -L/usr/lib -lz -lpthread -ldl  -lutil -lm'
PYTHON_LDFLAGS='-L/usr/lib/python2.6/config -lpython2.6'
PYTHON_SITE_PKG='/usr/lib/python2.6/dist-packages'
PYTHON_VERSION=''
PY_ENABLED_FALSE='#'
PY_ENABLED_TRUE=''
RANLIB='ranlib'
SED='/bin/sed'
SET_MAKE=''
SHELL='/bin/bash'
SPHINX_BUILD='/usr/bin/sphinx-build'
SSL_LIBS='-lssl'
STRIP='strip'
SWIG='/usr/bin/swig -c++'
SWIG_LIB='/usr/share/swig1.3'
SWIG_PYTHON_CPPFLAGS='-I/usr/include/python2.6'
SWIG_PYTHON_OPT='-python  -DSWIGWORDSIZE64'
USE_LTDL_FALSE=''
USE_LTDL_TRUE='#'
VERSION='0.9.0(zaku)~full~beta'
VMDIR=''
ac_ct_CC='gcc'
ac_ct_CXX='g++'
ac_ct_DUMPBIN=''
am__EXEEXT_FALSE=''
am__EXEEXT_TRUE='#'
am__fastdepCC_FALSE='#'
am__fastdepCC_TRUE=''
am__fastdepCXX_FALSE='#'
am__fastdepCXX_TRUE=''
am__include='include'
am__isrc=' -I$(srcdir)'
am__leading_dot='.'
am__quote=''
am__tar='tar --format=ustar -chf - "$$tardir"'
am__untar='tar -xf -'
bindir='${exec_prefix}/bin'
build='x86_64-unknown-linux-gnu'
build_alias=''
build_cpu='x86_64'
build_os='linux-gnu'
build_vendor='unknown'
datadir='${datarootdir}'
datarootdir='${prefix}/share'
docdir='${datarootdir}/doc/${PACKAGE_TARNAME}'
dvidir='${docdir}'
exec_prefix='${prefix}'
host='x86_64-unknown-linux-gnu'
host_alias=''
host_cpu='x86_64'
host_os='linux-gnu'
host_vendor='unknown'
htmldir='${docdir}'
includedir='${prefix}/include'
infodir='${datarootdir}/info'
install_sh='${SHELL} /home/mmcl/nox/config/install-sh'
libdir='${exec_prefix}/lib'
libexecdir='${exec_prefix}/libexec'
localedir='${datarootdir}/locale'
localstatedir='${prefix}/var'
lt_ECHO='echo'
mandir='${datarootdir}/man'
mkdir_p='/bin/mkdir -p'
oldincludedir='/usr/include'
pdfdir='${docdir}'
prefix='/usr/local'
program_transform_name='s,x,x,'
psdir='${docdir}'
sbindir='${exec_prefix}/sbin'
sharedstatedir='${prefix}/com'
sysconfdir='${prefix}/etc'
target_alias=''

## ----------- ##
## confdefs.h. ##
## ----------- ##

/* confdefs.h */
#define PACKAGE_NAME "nox"
#define PACKAGE_TARNAME "nox"
#define PACKAGE_VERSION "0.9.0(zaku)~full~beta"
#define PACKAGE_STRING "nox 0.9.0(zaku)~full~beta"
#define PACKAGE_BUGREPORT "contact@noxrepo.org"
#define PACKAGE_URL ""
#define BUILDNR 0
#define BUILDNR_SUFFIX ""
#define PACKAGE "nox"
#define VERSION "0.9.0(zaku)~full~beta"
#define STDC_HEADERS 1
#define HAVE_SYS_TYPES_H 1
#define HAVE_SYS_STAT_H 1
#define HAVE_STDLIB_H 1
#define HAVE_STRING_H 1
#define HAVE_MEMORY_H 1
#define HAVE_STRINGS_H 1
#define HAVE_INTTYPES_H 1
#define HAVE_STDINT_H 1
#define HAVE_UNISTD_H 1
#define __EXTENSIONS__ 1
#define _ALL_SOURCE 1
#define _GNU_SOURCE 1
#define _POSIX_PTHREAD_SEMANTICS 1
#define _TANDEM_SOURCE 1
#define HAVE_DLFCN_H 1
#define LT_OBJDIR ".libs/"
#define HAVE_FDATASYNC 1
#define HAVE_PPOLL 1
#define HAVE_BOOST /**/
#define HAVE_BOOST_FILESYSTEM /**/
#define SSL_CONST /**/
#define HAVE_NETLINK 1
#define HAVE_TLS 1
#define HAVE_MALLOC_HOOKS 1
#define HAVE_coreapps 1
#define HAVE_netapps 1
#define HAVE_webapps 1
#define TWISTED_ENABLED 1
#define HAVE_BOOST_UNIT_TEST_FRAMEWORK /**/

configure: exit 0
